2024-06-27 14:56:10 DEBUG /home/breeze/exercise/web/src/thread/thread_pool.cpp:15 thread pool create worker threads: 64
2024-06-27 14:56:10 DEBUG /home/breeze/exercise/web/src/socketHandler/socket.cpp:12 create socket success!
2024-06-27 14:56:10 DEBUG /home/breeze/exercise/web/src/socketHandler/socket.cpp:45 socket bind success: ip = 127.0.0.1, port = 8080
2024-06-27 14:56:10 DEBUG /home/breeze/exercise/web/src/socketHandler/socket.cpp:56 socket listening ...
2024-06-29 03:17:17 DEBUG /home/breeze/exercise/web/src/thread/thread_pool.cpp:15 thread pool create worker threads: 64
2024-06-29 03:17:17 DEBUG /home/breeze/exercise/web/src/socketHandler/socket.cpp:12 create socket success!
2024-06-29 03:17:17 DEBUG /home/breeze/exercise/web/src/socketHandler/socket.cpp:45 socket bind success: ip = 127.0.0.1, port = 8080
2024-06-29 03:17:17 DEBUG /home/breeze/exercise/web/src/socketHandler/socket.cpp:56 socket listening ...
2024-06-29 22:23:21 DEBUG /home/breeze/exercise/web/src/thread/thread_pool.cpp:15 thread pool create worker threads: 64
2024-06-29 22:23:21 DEBUG /home/breeze/exercise/web/src/socketHandler/socket.cpp:12 create socket success!
2024-06-29 22:23:21 DEBUG /home/breeze/exercise/web/src/socketHandler/socket.cpp:45 socket bind success: ip = 127.0.0.1, port = 8080
2024-06-29 22:23:21 DEBUG /home/breeze/exercise/web/src/socketHandler/socket.cpp:56 socket listening ...
2024-06-29 22:23:26 DEBUG /home/breeze/exercise/web/src/socketHandler/socket.cpp:86 socket accept success, connfd = 6
2024-06-29 22:23:26 DEBUG /home/breeze/exercise/web/src/thread/task_dispatcher.cpp:14 task dispatcher assign task: 8da8f850
2024-06-29 22:23:26 DEBUG /home/breeze/exercise/web/src/thread/worker_thread.cpp:25 worker thread run: thread=8da85220, task=8da8f850
2024-06-29 22:23:26 DEBUG /home/breeze/exercise/web/src/Task/work_task.cpp:18 work task run
2024-06-29 22:23:26 DEBUG /home/breeze/exercise/web/src/Task/work_task.cpp:52 recv: conn = 6, msg = hello Server
2024-06-29 22:23:26 ERROR /home/breeze/exercise/web/src/engine/workflow.cpp:50 work not found: work id = 1
2024-06-29 22:23:26 DEBUG /home/breeze/exercise/web/src/Task/work_task.cpp:68 work task destroy
2024-06-29 22:23:43 DEBUG /home/breeze/exercise/web/src/thread/task_dispatcher.cpp:14 task dispatcher assign task: 8da8f950
2024-06-29 22:23:43 DEBUG /home/breeze/exercise/web/src/thread/worker_thread.cpp:25 worker thread run: thread=8da853f0, task=8da8f950
2024-06-29 22:23:43 DEBUG /home/breeze/exercise/web/src/Task/work_task.cpp:18 work task run
2024-06-29 22:23:43 DEBUG /home/breeze/exercise/web/src/Task/work_task.cpp:46 socket closed by peer : conn = 6
2024-06-29 22:23:43 DEBUG /home/breeze/exercise/web/src/Task/work_task.cpp:68 work task destroy
